2017-06-29 00:56:55 [main] INFO  o.p.c.ProjectorControllerTests - Starting ProjectorControllerTests on vinay-HP-Spectre-x360-Convertible with PID 11974 (started by vinay in /home/vinay/PortfolioWorkspace/ProjectorManagementSystem)
2017-06-29 00:56:55 [main] INFO  o.p.c.ProjectorControllerTests - The following profiles are active: dev
2017-06-29 00:56:55 [main] INFO  o.s.w.c.s.GenericWebApplicationContext - Refreshing org.springframework.web.context.support.GenericWebApplicationContext@10289886: startup date [Thu Jun 29 00:56:55 EDT 2017]; root of context hierarchy
2017-06-29 00:56:57 [main] INFO  o.s.w.s.m.m.a.RequestMappingHandlerAdapter - Looking for @ControllerAdvice: org.springframework.web.context.support.GenericWebApplicationContext@10289886: startup date [Thu Jun 29 00:56:55 EDT 2017]; root of context hierarchy
2017-06-29 00:56:57 [main] INFO  o.s.w.s.m.m.a.RequestMappingHandlerMapping - Mapped "{[/add-projector],methods=[POST]}" onto public java.util.List<org.projectorManagementSystem.modal.Projector> org.projectorManagementSystem.controller.ProjectorController.addprojector(java.lang.String)
2017-06-29 00:56:57 [main] INFO  o.s.w.s.m.m.a.RequestMappingHandlerMapping - Mapped "{[/delete-projector]}" onto public java.util.List<org.projectorManagementSystem.modal.Projector> org.projectorManagementSystem.controller.ProjectorController.deleteProjector(java.lang.String)
2017-06-29 00:56:57 [main] INFO  o.s.w.s.m.m.a.RequestMappingHandlerMapping - Mapped "{[/get-projectors]}" onto public java.util.List<org.projectorManagementSystem.modal.Projector> org.projectorManagementSystem.controller.ProjectorController.getProjector()
2017-06-29 00:56:57 [main] INFO  o.s.w.s.m.m.a.RequestMappingHandlerMapping - Mapped "{[/delete-projectorRequest],methods=[POST]}" onto public java.util.List<org.projectorManagementSystem.modal.ReserveProjector> org.projectorManagementSystem.controller.ProjectorController.deleteProjectorRequest(java.lang.String)
2017-06-29 00:56:57 [main] INFO  o.s.w.s.m.m.a.RequestMappingHandlerMapping - Mapped "{[/make-reservation],methods=[POST]}" onto public java.lang.String org.projectorManagementSystem.controller.ProjectorController.makeProjectorReservation(java.lang.String,java.lang.String,java.lang.String) throws java.lang.NumberFormatException,java.text.ParseException
2017-06-29 00:56:57 [main] INFO  o.s.w.s.m.m.a.RequestMappingHandlerMapping - Mapped "{[/error],produces=[text/html]}" onto public org.springframework.web.servlet.ModelAndView org.springframework.boot.autoconfigure.web.BasicErrorController.errorHtml(javax.servlet.http.HttpServletRequest,javax.servlet.http.HttpServletResponse)
2017-06-29 00:56:57 [main] INFO  o.s.w.s.m.m.a.RequestMappingHandlerMapping - Mapped "{[/error]}" onto public org.springframework.http.ResponseEntity<java.util.Map<java.lang.String, java.lang.Object>> org.springframework.boot.autoconfigure.web.BasicErrorController.error(javax.servlet.http.HttpServletRequest)
2017-06-29 00:56:57 [main] INFO  o.s.w.s.h.SimpleUrlHandlerMapping - Mapped URL path [/webjars/**] onto handler of type [class org.springframework.web.servlet.resource.ResourceHttpRequestHandler]
2017-06-29 00:56:57 [main] INFO  o.s.w.s.h.SimpleUrlHandlerMapping - Mapped URL path [/**] onto handler of type [class org.springframework.web.servlet.resource.ResourceHttpRequestHandler]
2017-06-29 00:56:57 [main] INFO  o.s.w.s.m.m.a.ExceptionHandlerExceptionResolver - Detected @ExceptionHandler methods in exceptionController
2017-06-29 00:56:57 [main] INFO  o.s.w.s.h.SimpleUrlHandlerMapping - Mapped URL path [/**/favicon.ico] onto handler of type [class org.springframework.web.servlet.resource.ResourceHttpRequestHandler]
2017-06-29 00:56:57 [main] INFO  o.s.b.t.m.w.SpringBootMockServletContext - Initializing Spring FrameworkServlet ''
2017-06-29 00:56:57 [main] INFO  o.s.t.w.s.TestDispatcherServlet - FrameworkServlet '': initialization started
2017-06-29 00:56:57 [main] INFO  o.s.t.w.s.TestDispatcherServlet - FrameworkServlet '': initialization completed in 16 ms
2017-06-29 00:56:57 [main] INFO  o.p.c.ProjectorControllerTests - Started ProjectorControllerTests in 2.285 seconds (JVM running for 2.968)
2017-06-29 00:56:57 [main] INFO  o.s.b.t.m.w.SpringBootMockServletContext - Initializing Spring FrameworkServlet ''
2017-06-29 00:56:57 [main] INFO  o.s.t.w.s.TestDispatcherServlet - FrameworkServlet '': initialization started
2017-06-29 00:56:57 [main] INFO  o.s.t.w.s.TestDispatcherServlet - FrameworkServlet '': initialization completed in 10 ms
2017-06-29 00:56:57 [main] INFO  o.p.controller.ProjectorController - -- Getting Projectors --
2017-06-29 00:56:57 [main] INFO  o.s.b.t.m.w.SpringBootMockServletContext - Initializing Spring FrameworkServlet ''
2017-06-29 00:56:57 [main] INFO  o.s.t.w.s.TestDispatcherServlet - FrameworkServlet '': initialization started
2017-06-29 00:56:57 [main] INFO  o.s.t.w.s.TestDispatcherServlet - FrameworkServlet '': initialization completed in 3 ms
2017-06-29 00:56:57 [main] INFO  o.p.controller.ProjectorController - -- Deleting Projector --
2017-06-29 00:56:57 [main] INFO  o.s.b.t.m.w.SpringBootMockServletContext - Initializing Spring FrameworkServlet ''
2017-06-29 00:56:57 [main] INFO  o.s.t.w.s.TestDispatcherServlet - FrameworkServlet '': initialization started
2017-06-29 00:56:57 [main] INFO  o.s.t.w.s.TestDispatcherServlet - FrameworkServlet '': initialization completed in 2 ms
2017-06-29 00:56:57 [main] INFO  o.p.controller.ProjectorController - -- Adding Projector --
2017-06-29 00:56:57 [main] INFO  o.s.b.t.m.w.SpringBootMockServletContext - Initializing Spring FrameworkServlet ''
2017-06-29 00:56:57 [main] INFO  o.s.t.w.s.TestDispatcherServlet - FrameworkServlet '': initialization started
2017-06-29 00:56:57 [main] INFO  o.s.t.w.s.TestDispatcherServlet - FrameworkServlet '': initialization completed in 1 ms
2017-06-29 00:56:57 [main] ERROR o.p.E.ExceptionController - Exception for request org.springframework.mock.web.MockHttpServletRequest@563a89b5With exception message Required String parameter 'from' is not present
2017-06-29 00:56:57 [Thread-2] INFO  o.s.w.c.s.GenericWebApplicationContext - Closing org.springframework.web.context.support.GenericWebApplicationContext@10289886: startup date [Thu Jun 29 00:56:55 EDT 2017]; root of context hierarchy
2017-06-29 00:58:38 [main] INFO  o.p.c.ProjectorControllerTests - Starting ProjectorControllerTests on vinay-HP-Spectre-x360-Convertible with PID 12231 (started by vinay in /home/vinay/PortfolioWorkspace/ProjectorManagementSystem)
2017-06-29 00:58:38 [main] INFO  o.p.c.ProjectorControllerTests - The following profiles are active: dev
2017-06-29 00:58:38 [main] INFO  o.s.w.c.s.GenericWebApplicationContext - Refreshing org.springframework.web.context.support.GenericWebApplicationContext@60db1c0e: startup date [Thu Jun 29 00:58:38 EDT 2017]; root of context hierarchy
2017-06-29 00:58:40 [main] INFO  o.s.w.s.m.m.a.RequestMappingHandlerAdapter - Looking for @ControllerAdvice: org.springframework.web.context.support.GenericWebApplicationContext@60db1c0e: startup date [Thu Jun 29 00:58:38 EDT 2017]; root of context hierarchy
2017-06-29 00:58:40 [main] INFO  o.s.w.s.m.m.a.RequestMappingHandlerMapping - Mapped "{[/delete-projector]}" onto public java.util.List<org.projectorManagementSystem.modal.Projector> org.projectorManagementSystem.controller.ProjectorController.deleteProjector(java.lang.String)
2017-06-29 00:58:40 [main] INFO  o.s.w.s.m.m.a.RequestMappingHandlerMapping - Mapped "{[/add-projector],methods=[POST]}" onto public java.util.List<org.projectorManagementSystem.modal.Projector> org.projectorManagementSystem.controller.ProjectorController.addprojector(java.lang.String)
2017-06-29 00:58:40 [main] INFO  o.s.w.s.m.m.a.RequestMappingHandlerMapping - Mapped "{[/get-projectors]}" onto public java.util.List<org.projectorManagementSystem.modal.Projector> org.projectorManagementSystem.controller.ProjectorController.getProjector()
2017-06-29 00:58:40 [main] INFO  o.s.w.s.m.m.a.RequestMappingHandlerMapping - Mapped "{[/delete-projectorRequest],methods=[POST]}" onto public java.util.List<org.projectorManagementSystem.modal.ReserveProjector> org.projectorManagementSystem.controller.ProjectorController.deleteProjectorRequest(java.lang.String)
2017-06-29 00:58:40 [main] INFO  o.s.w.s.m.m.a.RequestMappingHandlerMapping - Mapped "{[/make-reservation],methods=[POST]}" onto public java.lang.String org.projectorManagementSystem.controller.ProjectorController.makeProjectorReservation(java.lang.String,java.lang.String,java.lang.String) throws java.lang.NumberFormatException,java.text.ParseException
2017-06-29 00:58:40 [main] INFO  o.s.w.s.m.m.a.RequestMappingHandlerMapping - Mapped "{[/error],produces=[text/html]}" onto public org.springframework.web.servlet.ModelAndView org.springframework.boot.autoconfigure.web.BasicErrorController.errorHtml(javax.servlet.http.HttpServletRequest,javax.servlet.http.HttpServletResponse)
2017-06-29 00:58:40 [main] INFO  o.s.w.s.m.m.a.RequestMappingHandlerMapping - Mapped "{[/error]}" onto public org.springframework.http.ResponseEntity<java.util.Map<java.lang.String, java.lang.Object>> org.springframework.boot.autoconfigure.web.BasicErrorController.error(javax.servlet.http.HttpServletRequest)
2017-06-29 00:58:40 [main] INFO  o.s.w.s.h.SimpleUrlHandlerMapping - Mapped URL path [/webjars/**] onto handler of type [class org.springframework.web.servlet.resource.ResourceHttpRequestHandler]
2017-06-29 00:58:40 [main] INFO  o.s.w.s.h.SimpleUrlHandlerMapping - Mapped URL path [/**] onto handler of type [class org.springframework.web.servlet.resource.ResourceHttpRequestHandler]
2017-06-29 00:58:40 [main] INFO  o.s.w.s.m.m.a.ExceptionHandlerExceptionResolver - Detected @ExceptionHandler methods in exceptionController
2017-06-29 00:58:40 [main] INFO  o.s.w.s.h.SimpleUrlHandlerMapping - Mapped URL path [/**/favicon.ico] onto handler of type [class org.springframework.web.servlet.resource.ResourceHttpRequestHandler]
2017-06-29 00:58:40 [main] INFO  o.s.b.t.m.w.SpringBootMockServletContext - Initializing Spring FrameworkServlet ''
2017-06-29 00:58:40 [main] INFO  o.s.t.w.s.TestDispatcherServlet - FrameworkServlet '': initialization started
2017-06-29 00:58:40 [main] INFO  o.s.t.w.s.TestDispatcherServlet - FrameworkServlet '': initialization completed in 19 ms
2017-06-29 00:58:40 [main] INFO  o.p.c.ProjectorControllerTests - Started ProjectorControllerTests in 2.69 seconds (JVM running for 3.427)
2017-06-29 00:58:40 [main] INFO  o.s.b.t.m.w.SpringBootMockServletContext - Initializing Spring FrameworkServlet ''
2017-06-29 00:58:40 [main] INFO  o.s.t.w.s.TestDispatcherServlet - FrameworkServlet '': initialization started
2017-06-29 00:58:40 [main] INFO  o.s.t.w.s.TestDispatcherServlet - FrameworkServlet '': initialization completed in 9 ms
2017-06-29 00:58:41 [main] ERROR o.p.E.ExceptionController - Exception for request org.springframework.mock.web.MockHttpServletRequest@2301b75With exception message Required String parameter 'from' is not present
2017-06-29 00:58:41 [Thread-2] INFO  o.s.w.c.s.GenericWebApplicationContext - Closing org.springframework.web.context.support.GenericWebApplicationContext@60db1c0e: startup date [Thu Jun 29 00:58:38 EDT 2017]; root of context hierarchy
2017-06-29 01:13:29 [main] INFO  o.p.c.ProjectorControllerTests - Starting ProjectorControllerTests on vinay-HP-Spectre-x360-Convertible with PID 14379 (started by vinay in /home/vinay/PortfolioWorkspace/ProjectorManagementSystem)
2017-06-29 01:13:29 [main] INFO  o.p.c.ProjectorControllerTests - The following profiles are active: dev
2017-06-29 01:13:29 [main] INFO  o.s.w.c.s.GenericWebApplicationContext - Refreshing org.springframework.web.context.support.GenericWebApplicationContext@60db1c0e: startup date [Thu Jun 29 01:13:29 EDT 2017]; root of context hierarchy
2017-06-29 01:13:30 [main] INFO  o.s.w.s.m.m.a.RequestMappingHandlerAdapter - Looking for @ControllerAdvice: org.springframework.web.context.support.GenericWebApplicationContext@60db1c0e: startup date [Thu Jun 29 01:13:29 EDT 2017]; root of context hierarchy
2017-06-29 01:13:30 [main] INFO  o.s.w.s.m.m.a.RequestMappingHandlerMapping - Mapped "{[/add-projector],methods=[POST]}" onto public java.util.List<org.projectorManagementSystem.modal.Projector> org.projectorManagementSystem.controller.ProjectorController.addprojector(java.lang.String)
2017-06-29 01:13:30 [main] INFO  o.s.w.s.m.m.a.RequestMappingHandlerMapping - Mapped "{[/delete-projector]}" onto public java.util.List<org.projectorManagementSystem.modal.Projector> org.projectorManagementSystem.controller.ProjectorController.deleteProjector(java.lang.String)
2017-06-29 01:13:30 [main] INFO  o.s.w.s.m.m.a.RequestMappingHandlerMapping - Mapped "{[/get-projectors]}" onto public java.util.List<org.projectorManagementSystem.modal.Projector> org.projectorManagementSystem.controller.ProjectorController.getProjector()
2017-06-29 01:13:30 [main] INFO  o.s.w.s.m.m.a.RequestMappingHandlerMapping - Mapped "{[/delete-projectorRequest],methods=[POST]}" onto public java.util.List<org.projectorManagementSystem.modal.ReserveProjector> org.projectorManagementSystem.controller.ProjectorController.deleteProjectorRequest(java.lang.String)
2017-06-29 01:13:30 [main] INFO  o.s.w.s.m.m.a.RequestMappingHandlerMapping - Mapped "{[/make-reservation],methods=[POST]}" onto public java.lang.String org.projectorManagementSystem.controller.ProjectorController.makeProjectorReservation(java.lang.String,java.lang.String,java.lang.String) throws java.lang.NumberFormatException,java.text.ParseException
2017-06-29 01:13:30 [main] INFO  o.s.w.s.m.m.a.RequestMappingHandlerMapping - Mapped "{[/error],produces=[text/html]}" onto public org.springframework.web.servlet.ModelAndView org.springframework.boot.autoconfigure.web.BasicErrorController.errorHtml(javax.servlet.http.HttpServletRequest,javax.servlet.http.HttpServletResponse)
2017-06-29 01:13:30 [main] INFO  o.s.w.s.m.m.a.RequestMappingHandlerMapping - Mapped "{[/error]}" onto public org.springframework.http.ResponseEntity<java.util.Map<java.lang.String, java.lang.Object>> org.springframework.boot.autoconfigure.web.BasicErrorController.error(javax.servlet.http.HttpServletRequest)
2017-06-29 01:13:30 [main] INFO  o.s.w.s.h.SimpleUrlHandlerMapping - Mapped URL path [/webjars/**] onto handler of type [class org.springframework.web.servlet.resource.ResourceHttpRequestHandler]
2017-06-29 01:13:30 [main] INFO  o.s.w.s.h.SimpleUrlHandlerMapping - Mapped URL path [/**] onto handler of type [class org.springframework.web.servlet.resource.ResourceHttpRequestHandler]
2017-06-29 01:13:30 [main] INFO  o.s.w.s.m.m.a.ExceptionHandlerExceptionResolver - Detected @ExceptionHandler methods in exceptionController
2017-06-29 01:13:31 [main] INFO  o.s.w.s.h.SimpleUrlHandlerMapping - Mapped URL path [/**/favicon.ico] onto handler of type [class org.springframework.web.servlet.resource.ResourceHttpRequestHandler]
2017-06-29 01:13:31 [main] INFO  o.s.b.t.m.w.SpringBootMockServletContext - Initializing Spring FrameworkServlet ''
2017-06-29 01:13:31 [main] INFO  o.s.t.w.s.TestDispatcherServlet - FrameworkServlet '': initialization started
2017-06-29 01:13:31 [main] INFO  o.s.t.w.s.TestDispatcherServlet - FrameworkServlet '': initialization completed in 22 ms
2017-06-29 01:13:31 [main] INFO  o.p.c.ProjectorControllerTests - Started ProjectorControllerTests in 2.49 seconds (JVM running for 3.308)
2017-06-29 01:13:31 [main] INFO  o.s.b.t.m.w.SpringBootMockServletContext - Initializing Spring FrameworkServlet ''
2017-06-29 01:13:31 [main] INFO  o.s.t.w.s.TestDispatcherServlet - FrameworkServlet '': initialization started
2017-06-29 01:13:31 [main] INFO  o.s.t.w.s.TestDispatcherServlet - FrameworkServlet '': initialization completed in 10 ms
2017-06-29 01:13:31 [main] INFO  o.p.controller.ProjectorController - -- User Requesting for a Projector --
2017-06-29 01:13:31 [Thread-2] INFO  o.s.w.c.s.GenericWebApplicationContext - Closing org.springframework.web.context.support.GenericWebApplicationContext@60db1c0e: startup date [Thu Jun 29 01:13:29 EDT 2017]; root of context hierarchy
